<?xml version="1.0" encoding="UTF-8"?>
<!-- Generated by org.testng.reporters.JUnitReportReporter -->
<testsuite hostname="Qkan-PC" failures="0" tests="1" name="test.Selenium_Jenkins_Integration" time="7.173" errors="0" timestamp="18 Feb 2018 21:39:02 GMT" skipped="0">
  <testcase classname="test.Selenium_Jenkins_Integration" name="test" time="7.173"/>
</testsuite> <!-- test.Selenium_Jenkins_Integration -->
