<?xml version="1.0" encoding="UTF-8"?>
<!-- Generated by org.testng.reporters.JUnitReportReporter -->
<testsuite hostname="Qkan-PC" failures="0" tests="1" name="test.Selenium_Jenkins_Integration" time="8.213" errors="0" timestamp="21 Feb 2018 06:25:22 GMT" skipped="0">
  <testcase classname="test.Selenium_Jenkins_Integration" name="test" time="8.213"/>
</testsuite> <!-- test.Selenium_Jenkins_Integration -->
